<?xml version="1.0" encoding="UTF-8" standalone="no"?>
<testsuite errors="0" failures="0" name="io.cucumber.core.plugin.JUnitFormatter" skipped="0" tests="3" time="67.068">
    <testcase classname="Test Add agenda" name="Check login is successful with valid credentials" time="14.067">
        <system-out><![CDATA[Given browser is open1......................................................passed
And user is on login page1..................................................passed
Then user enters admin y admin..............................................passed
And user clicks on login1...................................................passed
Then user is navigated to the home page1....................................passed
And user clicks on agenda...................................................passed
Then user es redirigido a la lista de agendas...............................passed
And user pulsa en Registrar nuevo...........................................passed
Then user es redirigido al formulario de registro de agenda.................passed
When user ingresa 1 y 2023-01-16 07:00......................................passed
And user pulsa en Registrar.................................................passed
]]></system-out>
    </testcase>
    <testcase classname="Test login functionality" name="Check login is successful with valid credentials" time="21.488">
        <system-out><![CDATA[Given browser is open.......................................................passed
And user is on login page...................................................passed
When user enters admin and admin............................................passed
And user clicks on login....................................................passed
Then user is navigated to the home page.....................................passed
]]></system-out>
    </testcase>
    <testcase classname="Test login functionality" name="Check login is successful with valid credentials 2" time="31.41">
        <system-out><![CDATA[Given browser is open.......................................................passed
And user is on login page...................................................passed
When user enters admin and 123..............................................passed
And user clicks on login....................................................passed
Then user is navigated to the home page.....................................passed
]]></system-out>
    </testcase>
</testsuite>
